realloc (240): 0->512 (00000148C592EEE0)
0.000MiB/0.000MiB used.
realloc (1305): 0->1048600 (00000148C734A040)
realloc (240): 0->4096 (00000148C5922AD0)
1.000MiB/0.000MiB used.
realloc (1305): 0->1048600 (00000148C780F040)
realloc (1305): 0->1048600 (00000148C7A08040)
realloc (1305): 0->1048600 (00000148C7B19040)
4.000MiB/0.000MiB used.
realloc (1305): 0->1048600 (00000148C7C2D040)
realloc (1305): 0->1048600 (00000148C7D33040)
realloc (1305): 0->1048600 (00000148C7E45040)
Average duration of a single profiling event is 24.445063ns.
create snapshot start
realloc (240): 0->4096 (00000148C5923AE0)
realloc (240): 0->2048 (00000148C5930100)
realloc (240): 0->512 (00000148C5930910)
realloc (240): 0->2048 (00000148C5924AF0)
realloc (240): 0->16384 (00000148C5930B20)
realloc (240): 16384->32768 (00000148C5934B30)
realloc (240): 32768->65536 (00000148C593CB40)
realloc (240): 65536->131072 (00000148C594CB50)
realloc (240): 131072->262144 (00000148C596CB60)
realloc (240): 262144->524288 (00000148C7F50080)
realloc (240): 524288->1048576 (00000148C805C040)
realloc (240): 1048576->2097152 (00000148C8164040)
resize table
realloc (240): 0->4096 (00000148C5930B20)
resize table
realloc (240): 0->8192 (00000148C5931B30)
realloc (240): 4096->8190 (00000148C5933B40)
resize table
realloc (240): 0->16384 (00000148C5935B50)
realloc (240): 2097152->4194304 (00000148C8377040)
realloc (240): 8190->16366 (00000148C5939B60)
realloc (240): 4194304->8388608 (00000148C8784040)
realloc (240): 0->16384 (00000148C5930B20)
create snapshot stop
tip_export_snapshot_to_chrome_json outer start
tip_export_snapshot_to_chrome_json start
realloc (240): 0->19049004 (00000148C8F94040)
realloc (240): 0->16384 (00000148C593DB60)
realloc (240): 0->512 (00000148C5930100)
realloc (1305): 0->1048600 (00000148C805F040)
realloc (1305): 0->1048600 (00000148C8174040)
realloc (1305): 0->1048600 (00000148C8282040)
realloc (1305): 0->1048600 (00000148C839F040)
realloc (1305): 0->1048600 (00000148C84B0040)
realloc (1305): 0->1048600 (00000148C85CF040)
realloc (1305): 0->1048600 (00000148CA1CD040)
realloc (240): 0->512 (00000148C5930100)
tip_export_snapshot_to_chrome_json stop
tip_export_snapshot_to_chrome_json outer stop
free snapshot start
free snapshot stop
create snapshot start
realloc (240): 0->4096 (00000148C5923AE0)
realloc (240): 0->2048 (00000148C5924AF0)
realloc (240): 0->512 (00000148C5925300)
realloc (240): 0->2048 (00000148C5925510)
realloc (240): 0->16384 (00000148C5930310)
realloc (240): 16384->32768 (00000148C5930310)
realloc (240): 32768->65536 (00000148C5930310)
realloc (240): 65536->131072 (00000148C5930310)
realloc (240): 131072->262144 (00000148C5930310)
realloc (240): 262144->524288 (00000148C5930310)
realloc (240): 524288->1048576 (00000148C86E7040)
realloc (240): 1048576->2097152 (00000148C87F5040)
resize table
realloc (240): 0->4096 (00000148C5930310)
resize table
realloc (240): 0->8192 (00000148C5931320)
realloc (240): 4096->8190 (00000148C5933330)
resize table
realloc (240): 0->16384 (00000148C5935340)
realloc (240): 2097152->4194304 (00000148C8A03040)
realloc (240): 8190->16366 (00000148C5939350)
realloc (240): 4194304->8388608 (00000148C8E14040)
realloc (240): 8388608->16777216 (00000148CA2D0040)
realloc (240): 0->16384 (00000148C5930310)
create snapshot stop
tip_export_snapshot_to_chrome_json outer start
tip_export_snapshot_to_chrome_json start
realloc (240): 0->38099568 (00000148CB2EE040)
realloc (240): 0->16384 (00000148C593D350)
realloc (240): 0->512 (00000148C5925D20)
realloc (1305): 0->1048600 (00000148C86E2040)
realloc (1305): 0->1048600 (00000148C87F5040)
realloc (1305): 0->1048600 (00000148C8908040)
realloc (1305): 0->1048600 (00000148C8A14040)
realloc (1305): 0->1048600 (00000148C8B29040)
realloc (1305): 0->1048600 (00000148C8C38040)
realloc (1305): 0->1048600 (00000148C8D42040)
realloc (1305): 0->1048600 (00000148C8E50040)
realloc (1305): 0->1048600 (00000148C8F6E040)
realloc (1305): 0->1048600 (00000148C907E040)
realloc (1305): 0->1048600 (00000148C918D040)
realloc (1305): 0->1048600 (00000148C9299040)
realloc (1305): 0->1048600 (00000148C93A3040)
realloc (1305): 0->1048600 (00000148C94BF040)
realloc (1305): 0->1048600 (00000148C95D2040)
realloc (240): 0->512 (00000148C5925D20)
tip_export_snapshot_to_chrome_json stop
tip_export_snapshot_to_chrome_json outer stop
free snapshot start
free snapshot stop
Balance: 30415032
Balance: 1024
Leftovers:
  00000148C5925D20: 512  00000148C5930100: 512